<?xml version="1.0" encoding="UTF-8"?>
<!-- Generated by org.testng.reporters.JUnitReportReporter -->
<testsuite skipped="0" hostname="DESKTOP-J234VLN" name="TestNGSample.Sample1" tests="2" failures="0" timestamp="2021-10-23T16:22:49 IST" time="0.004" errors="0">
  <testcase name="testCase3" time="0.002" classname="TestNGSample.Sample1"/>
  <system-out/>
  <testcase name="testCase1" time="0.002" classname="TestNGSample.Sample1"/>
  <system-out/>
</testsuite> <!-- TestNGSample.Sample1 -->
