<?xml version="1.0" encoding="UTF-8"?>
<!-- Generated by org.testng.reporters.JUnitReportReporter -->
<testsuite skipped="0" hostname="DESKTOP-J234VLN" name="TestNGSample.MethodAftrBfr" tests="2" failures="0" timestamp="2021-10-23T16:22:49 IST" time="0.013" errors="0">
  <testcase name="Maintest" time="0.010" classname="TestNGSample.MethodAftrBfr"/>
  <system-out/>
  <testcase name="MaintestTwo" time="0.003" classname="TestNGSample.MethodAftrBfr"/>
  <system-out/>
</testsuite> <!-- TestNGSample.MethodAftrBfr -->
