<?xml version="1.0" encoding="UTF-8"?>
<!-- Generated by org.testng.reporters.JUnitReportReporter -->
<testsuite skipped="0" hostname="DESKTOP-J234VLN" name="TestNGSample.DataproviderPractice" tests="2" failures="0" timestamp="2021-10-23T15:54:17 IST" time="46.303" errors="0">
  <testcase name="testLoginOfVtiger" time="22.473" classname="TestNGSample.DataproviderPractice"/>
  <system-out/>
  <testcase name="testLoginOfVtiger" time="23.830" classname="TestNGSample.DataproviderPractice"/>
  <system-out/>
</testsuite> <!-- TestNGSample.DataproviderPractice -->
