<?xml version="1.0" encoding="UTF-8"?>
<!-- Generated by org.testng.reporters.JUnitReportReporter -->
<testsuite skipped="1" hostname="DESKTOP-J234VLN" name="TestNGSample.Enabled" tests="4" failures="0" timestamp="2021-10-15T16:40:38 IST" time="0.025" errors="0">
  <testcase name="login" time="0.018" classname="TestNGSample.Enabled"/>
  <system-out/>
  <testcase name="openBrowseAndAppUrl" time="0.004" classname="TestNGSample.Enabled"/>
  <system-out/>
  <testcase name="logout" time="0.003" classname="TestNGSample.Enabled"/>
  <system-out/>
  <testcase name="createTask" classname="TestNGSample.Enabled">
    <skipped/>
  </testcase> <!-- createTask -->
  <system-out/>
</testsuite> <!-- TestNGSample.Enabled -->
