<?xml version="1.0" encoding="UTF-8"?>
<!-- Generated by org.testng.reporters.JUnitReportReporter -->
<testsuite skipped="0" hostname="DESKTOP-J234VLN" name="TestNGSample.DependsOn" tests="4" failures="0" timestamp="2021-10-15T19:14:40 IST" time="0.017" errors="0">
  <testcase name="Last" time="0.002" classname="TestNGSample.DependsOn"/>
  <system-out/>
  <testcase name="Second" time="0.001" classname="TestNGSample.DependsOn"/>
  <system-out/>
  <testcase name="First" time="0.013" classname="TestNGSample.DependsOn"/>
  <system-out/>
  <testcase name="Third" time="0.001" classname="TestNGSample.DependsOn"/>
  <system-out/>
</testsuite> <!-- TestNGSample.DependsOn -->
