<?xml version="1.0" encoding="UTF-8"?>
<!-- Generated by org.testng.reporters.JUnitReportReporter -->
<testsuite skipped="0" hostname="DESKTOP-J234VLN" name="TestNGSample.ParallelExecutionOfMethods" tests="2" failures="0" timestamp="2021-10-23T16:24:38 IST" time="0.059" errors="0">
  <testcase name="testCaseTwo" time="0.029" classname="TestNGSample.ParallelExecutionOfMethods"/>
  <system-out/>
  <testcase name="testCaseOne" time="0.030" classname="TestNGSample.ParallelExecutionOfMethods"/>
  <system-out/>
</testsuite> <!-- TestNGSample.ParallelExecutionOfMethods -->
