<?xml version="1.0" encoding="UTF-8"?>
<!-- Generated by org.testng.reporters.JUnitReportReporter -->
<testsuite skipped="0" hostname="DESKTOP-J234VLN" name="TestNGSample.BeforeAfter" tests="2" failures="0" timestamp="2021-10-23T16:22:49 IST" time="0.003" errors="0">
  <testcase name="MaintestTwo" time="0.002" classname="TestNGSample.BeforeAfter"/>
  <system-out/>
  <testcase name="Maintest" time="0.001" classname="TestNGSample.BeforeAfter"/>
  <system-out/>
</testsuite> <!-- TestNGSample.BeforeAfter -->
