<?xml version="1.0" encoding="UTF-8"?>
<!-- Generated by org.testng.reporters.JUnitReportReporter -->
<testsuite skipped="0" hostname="DESKTOP-J234VLN" name="TestNGSample.DataProviderExample" tests="3" failures="0" timestamp="2021-10-23T12:51:16 IST" time="120.693" errors="0">
  <testcase name="testLoginOfVtiger" time="32.931" classname="TestNGSample.DataProviderExample"/>
  <system-out/>
  <testcase name="testLoginOfVtiger" time="39.182" classname="TestNGSample.DataProviderExample"/>
  <system-out/>
  <testcase name="testLoginOfVtiger" time="48.580" classname="TestNGSample.DataProviderExample"/>
  <system-out/>
</testsuite> <!-- TestNGSample.DataProviderExample -->
